<?xml version="1.0" encoding="UTF-8"?>
<testsuite name="ru.stqa.ptf.addressbook.tests.GroupDeletionsTests" tests="1" skipped="0" failures="0" errors="0" timestamp="2019-04-11T12:19:43" hostname="Евгений-ПК" time="1.021">
  <properties/>
  <testcase name="testGroupDeletions" classname="ru.stqa.ptf.addressbook.tests.GroupDeletionsTests" time="1.021"/>
  <system-out><![CDATA[]]></system-out>
  <system-err><![CDATA[]]></system-err>
</testsuite>
