<?xml version="1.0" encoding="UTF-8"?>
<testsuite name="ru.stqa.ptf.addressbook.tests.GroupModificationTests" tests="1" skipped="0" failures="0" errors="0" timestamp="2019-04-11T14:01:01" hostname="Евгений-ПК" time="2.482">
  <properties/>
  <testcase name="testGroupModification" classname="ru.stqa.ptf.addressbook.tests.GroupModificationTests" time="2.482"/>
  <system-out><![CDATA[]]></system-out>
  <system-err><![CDATA[]]></system-err>
</testsuite>
