<?xml version="1.0" encoding="UTF-8"?>
<testsuite name="ru.stqa.ptf.addressbook.tests.ContactEmailTests" tests="1" skipped="0" failures="0" errors="0" timestamp="2019-04-11T13:59:50" hostname="Евгений-ПК" time="0.351">
  <properties/>
  <testcase name="TestsContactEmails" classname="ru.stqa.ptf.addressbook.tests.ContactEmailTests" time="0.351"/>
  <system-out><![CDATA[]]></system-out>
  <system-err><![CDATA[]]></system-err>
</testsuite>
