<?xml version="1.0" encoding="UTF-8"?>
<testsuite name="ru.stqa.ptf.addressbook.tests.ContactPhoneTests" tests="1" skipped="0" failures="0" errors="0" timestamp="2019-04-11T13:59:49" hostname="Евгений-ПК" time="0.387">
  <properties/>
  <testcase name="testContactPhone" classname="ru.stqa.ptf.addressbook.tests.ContactPhoneTests" time="0.387"/>
  <system-out><![CDATA[]]></system-out>
  <system-err><![CDATA[]]></system-err>
</testsuite>
